<?xml version="1.0" encoding="UTF-8"?>
<testsuite xmlns:xsi="http://www.w3.org/2001/XMLSchema-instance" xsi:noNamespaceSchemaLocation="https://maven.apache.org/surefire/maven-surefire-plugin/xsd/surefire-test-report.xsd" name="org.dmm.core.AppTest" time="0.07" tests="1" errors="0" skipped="0" failures="0">
  <properties>
    <property name="sun.desktop" value="windows"/>
    <property name="awt.toolkit" value="sun.awt.windows.WToolkit"/>
    <property name="file.encoding.pkg" value="sun.io"/>
    <property name="java.specification.version" value="1.8"/>
    <property name="sun.cpu.isalist" value="amd64"/>
    <property name="sun.jnu.encoding" value="GBK"/>
    <property name="java.class.path" value="E:\workspace_dmm\dmm\dmm-core\target\test-classes;E:\workspace_dmm\dmm\dmm-core\target\classes;E:\maven\m2\com\alibaba\dubbo\2.6.1\dubbo-2.6.1.jar;E:\maven\m2\org\springframework\spring-context\5.1.5.RELEASE\spring-context-5.1.5.RELEASE.jar;E:\maven\m2\org\springframework\spring-aop\5.1.5.RELEASE\spring-aop-5.1.5.RELEASE.jar;E:\maven\m2\org\springframework\spring-beans\5.1.5.RELEASE\spring-beans-5.1.5.RELEASE.jar;E:\maven\m2\org\springframework\spring-core\5.1.5.RELEASE\spring-core-5.1.5.RELEASE.jar;E:\maven\m2\org\springframework\spring-jcl\5.1.5.RELEASE\spring-jcl-5.1.5.RELEASE.jar;E:\maven\m2\org\springframework\spring-expression\5.1.5.RELEASE\spring-expression-5.1.5.RELEASE.jar;E:\maven\m2\org\javassist\javassist\3.20.0-GA\javassist-3.20.0-GA.jar;E:\maven\m2\org\jboss\netty\netty\3.2.5.Final\netty-3.2.5.Final.jar;E:\maven\m2\com\alibaba\spring\boot\dubbo-spring-boot-starter\2.0.0\dubbo-spring-boot-starter-2.0.0.jar;E:\maven\m2\org\springframework\boot\spring-boot-starter-actuator\2.1.3.RELEASE\spring-boot-starter-actuator-2.1.3.RELEASE.jar;E:\maven\m2\org\springframework\boot\spring-boot-starter\2.1.3.RELEASE\spring-boot-starter-2.1.3.RELEASE.jar;E:\maven\m2\org\springframework\boot\spring-boot\2.1.3.RELEASE\spring-boot-2.1.3.RELEASE.jar;E:\maven\m2\org\springframework\boot\spring-boot-autoconfigure\2.1.3.RELEASE\spring-boot-autoconfigure-2.1.3.RELEASE.jar;E:\maven\m2\org\springframework\boot\spring-boot-starter-logging\2.1.3.RELEASE\spring-boot-starter-logging-2.1.3.RELEASE.jar;E:\maven\m2\ch\qos\logback\logback-classic\1.2.3\logback-classic-1.2.3.jar;E:\maven\m2\ch\qos\logback\logback-core\1.2.3\logback-core-1.2.3.jar;E:\maven\m2\org\apache\logging\log4j\log4j-to-slf4j\2.11.2\log4j-to-slf4j-2.11.2.jar;E:\maven\m2\org\apache\logging\log4j\log4j-api\2.11.2\log4j-api-2.11.2.jar;E:\maven\m2\org\slf4j\jul-to-slf4j\1.7.25\jul-to-slf4j-1.7.25.jar;E:\maven\m2\javax\annotation\javax.annotation-api\1.3.2\javax.annotation-api-1.3.2.jar;E:\maven\m2\org\yaml\snakeyaml\1.23\snakeyaml-1.23.jar;E:\maven\m2\org\springframework\boot\spring-boot-actuator-autoconfigure\2.1.3.RELEASE\spring-boot-actuator-autoconfigure-2.1.3.RELEASE.jar;E:\maven\m2\org\springframework\boot\spring-boot-actuator\2.1.3.RELEASE\spring-boot-actuator-2.1.3.RELEASE.jar;E:\maven\m2\com\fasterxml\jackson\core\jackson-databind\2.9.8\jackson-databind-2.9.8.jar;E:\maven\m2\com\fasterxml\jackson\core\jackson-annotations\2.9.0\jackson-annotations-2.9.0.jar;E:\maven\m2\com\fasterxml\jackson\core\jackson-core\2.9.8\jackson-core-2.9.8.jar;E:\maven\m2\com\fasterxml\jackson\datatype\jackson-datatype-jsr310\2.9.8\jackson-datatype-jsr310-2.9.8.jar;E:\maven\m2\io\micrometer\micrometer-core\1.1.3\micrometer-core-1.1.3.jar;E:\maven\m2\org\hdrhistogram\HdrHistogram\2.1.9\HdrHistogram-2.1.9.jar;E:\maven\m2\org\latencyutils\LatencyUtils\2.0.3\LatencyUtils-2.0.3.jar;E:\maven\m2\com\alibaba\dubbo-registry-zookeeper\2.6.6\dubbo-registry-zookeeper-2.6.6.jar;E:\maven\m2\com\alibaba\dubbo-registry-api\2.6.6\dubbo-registry-api-2.6.6.jar;E:\maven\m2\com\alibaba\dubbo-cluster\2.6.6\dubbo-cluster-2.6.6.jar;E:\maven\m2\com\alibaba\dubbo-rpc-api\2.6.6\dubbo-rpc-api-2.6.6.jar;E:\maven\m2\com\alibaba\dubbo-serialization-api\2.6.6\dubbo-serialization-api-2.6.6.jar;E:\maven\m2\com\alibaba\dubbo-container-api\2.6.6\dubbo-container-api-2.6.6.jar;E:\maven\m2\com\alibaba\dubbo-remoting-zookeeper\2.6.6\dubbo-remoting-zookeeper-2.6.6.jar;E:\maven\m2\com\alibaba\dubbo-common\2.6.6\dubbo-common-2.6.6.jar;E:\maven\m2\com\alibaba\hessian-lite\3.2.5\hessian-lite-3.2.5.jar;E:\maven\m2\com\alibaba\fastjson\1.2.46\fastjson-1.2.46.jar;E:\maven\m2\com\esotericsoftware\kryo\4.0.1\kryo-4.0.1.jar;E:\maven\m2\com\esotericsoftware\reflectasm\1.11.3\reflectasm-1.11.3.jar;E:\maven\m2\org\ow2\asm\asm\5.0.4\asm-5.0.4.jar;E:\maven\m2\com\esotericsoftware\minlog\1.3.0\minlog-1.3.0.jar;E:\maven\m2\org\objenesis\objenesis\2.5.1\objenesis-2.5.1.jar;E:\maven\m2\de\javakaffee\kryo-serializers\0.42\kryo-serializers-0.42.jar;E:\maven\m2\de\ruedigermoeller\fst\2.48-jdk-6\fst-2.48-jdk-6.jar;E:\maven\m2\com\cedarsoftware\java-util\1.9.0\java-util-1.9.0.jar;E:\maven\m2\com\cedarsoftware\json-io\2.5.1\json-io-2.5.1.jar;E:\maven\m2\com\101tec\zkclient\0.2\zkclient-0.2.jar;E:\maven\m2\org\apache\curator\curator-framework\2.12.0\curator-framework-2.12.0.jar;E:\maven\m2\org\apache\curator\curator-client\2.12.0\curator-client-2.12.0.jar;E:\maven\m2\com\google\guava\guava\16.0.1\guava-16.0.1.jar;E:\maven\m2\com\alibaba\druid\1.1.9\druid-1.1.9.jar;E:\maven\m2\org\apache\zookeeper\zookeeper\3.4.8\zookeeper-3.4.8.jar;E:\maven\m2\org\slf4j\slf4j-api\1.7.25\slf4j-api-1.7.25.jar;E:\maven\m2\org\slf4j\slf4j-log4j12\1.7.25\slf4j-log4j12-1.7.25.jar;E:\maven\m2\log4j\log4j\1.2.16\log4j-1.2.16.jar;E:\maven\m2\jline\jline\0.9.94\jline-0.9.94.jar;E:\maven\m2\io\netty\netty\3.7.0.Final\netty-3.7.0.Final.jar;E:\maven\m2\junit\junit\4.12\junit-4.12.jar;E:\maven\m2\org\hamcrest\hamcrest-core\1.3\hamcrest-core-1.3.jar;"/>
    <property name="java.vm.vendor" value="Oracle Corporation"/>
    <property name="sun.arch.data.model" value="64"/>
    <property name="user.variant" value=""/>
    <property name="java.vendor.url" value="http://java.oracle.com/"/>
    <property name="user.timezone" value="Asia/Shanghai"/>
    <property name="java.vm.specification.version" value="1.8"/>
    <property name="os.name" value="Windows 7"/>
    <property name="user.country" value="CN"/>
    <property name="sun.java.launcher" value="SUN_STANDARD"/>
    <property name="sun.boot.library.path" value="C:\Program Files\Java\jdk1.8.0_131\jre\bin"/>
    <property name="sun.java.command" value="C:\Users\Jie\AppData\Local\Temp\surefire3977008466975532197\surefirebooter2849784087185793785.jar C:\Users\Jie\AppData\Local\Temp\surefire3977008466975532197 2019-04-26T18-37-02_561-jvmRun1 surefire2020926066137485993tmp surefire_0730376988175753375tmp"/>
    <property name="surefire.test.class.path" value="E:\workspace_dmm\dmm\dmm-core\target\test-classes;E:\workspace_dmm\dmm\dmm-core\target\classes;E:\maven\m2\com\alibaba\dubbo\2.6.1\dubbo-2.6.1.jar;E:\maven\m2\org\springframework\spring-context\5.1.5.RELEASE\spring-context-5.1.5.RELEASE.jar;E:\maven\m2\org\springframework\spring-aop\5.1.5.RELEASE\spring-aop-5.1.5.RELEASE.jar;E:\maven\m2\org\springframework\spring-beans\5.1.5.RELEASE\spring-beans-5.1.5.RELEASE.jar;E:\maven\m2\org\springframework\spring-core\5.1.5.RELEASE\spring-core-5.1.5.RELEASE.jar;E:\maven\m2\org\springframework\spring-jcl\5.1.5.RELEASE\spring-jcl-5.1.5.RELEASE.jar;E:\maven\m2\org\springframework\spring-expression\5.1.5.RELEASE\spring-expression-5.1.5.RELEASE.jar;E:\maven\m2\org\javassist\javassist\3.20.0-GA\javassist-3.20.0-GA.jar;E:\maven\m2\org\jboss\netty\netty\3.2.5.Final\netty-3.2.5.Final.jar;E:\maven\m2\com\alibaba\spring\boot\dubbo-spring-boot-starter\2.0.0\dubbo-spring-boot-starter-2.0.0.jar;E:\maven\m2\org\springframework\boot\spring-boot-starter-actuator\2.1.3.RELEASE\spring-boot-starter-actuator-2.1.3.RELEASE.jar;E:\maven\m2\org\springframework\boot\spring-boot-starter\2.1.3.RELEASE\spring-boot-starter-2.1.3.RELEASE.jar;E:\maven\m2\org\springframework\boot\spring-boot\2.1.3.RELEASE\spring-boot-2.1.3.RELEASE.jar;E:\maven\m2\org\springframework\boot\spring-boot-autoconfigure\2.1.3.RELEASE\spring-boot-autoconfigure-2.1.3.RELEASE.jar;E:\maven\m2\org\springframework\boot\spring-boot-starter-logging\2.1.3.RELEASE\spring-boot-starter-logging-2.1.3.RELEASE.jar;E:\maven\m2\ch\qos\logback\logback-classic\1.2.3\logback-classic-1.2.3.jar;E:\maven\m2\ch\qos\logback\logback-core\1.2.3\logback-core-1.2.3.jar;E:\maven\m2\org\apache\logging\log4j\log4j-to-slf4j\2.11.2\log4j-to-slf4j-2.11.2.jar;E:\maven\m2\org\apache\logging\log4j\log4j-api\2.11.2\log4j-api-2.11.2.jar;E:\maven\m2\org\slf4j\jul-to-slf4j\1.7.25\jul-to-slf4j-1.7.25.jar;E:\maven\m2\javax\annotation\javax.annotation-api\1.3.2\javax.annotation-api-1.3.2.jar;E:\maven\m2\org\yaml\snakeyaml\1.23\snakeyaml-1.23.jar;E:\maven\m2\org\springframework\boot\spring-boot-actuator-autoconfigure\2.1.3.RELEASE\spring-boot-actuator-autoconfigure-2.1.3.RELEASE.jar;E:\maven\m2\org\springframework\boot\spring-boot-actuator\2.1.3.RELEASE\spring-boot-actuator-2.1.3.RELEASE.jar;E:\maven\m2\com\fasterxml\jackson\core\jackson-databind\2.9.8\jackson-databind-2.9.8.jar;E:\maven\m2\com\fasterxml\jackson\core\jackson-annotations\2.9.0\jackson-annotations-2.9.0.jar;E:\maven\m2\com\fasterxml\jackson\core\jackson-core\2.9.8\jackson-core-2.9.8.jar;E:\maven\m2\com\fasterxml\jackson\datatype\jackson-datatype-jsr310\2.9.8\jackson-datatype-jsr310-2.9.8.jar;E:\maven\m2\io\micrometer\micrometer-core\1.1.3\micrometer-core-1.1.3.jar;E:\maven\m2\org\hdrhistogram\HdrHistogram\2.1.9\HdrHistogram-2.1.9.jar;E:\maven\m2\org\latencyutils\LatencyUtils\2.0.3\LatencyUtils-2.0.3.jar;E:\maven\m2\com\alibaba\dubbo-registry-zookeeper\2.6.6\dubbo-registry-zookeeper-2.6.6.jar;E:\maven\m2\com\alibaba\dubbo-registry-api\2.6.6\dubbo-registry-api-2.6.6.jar;E:\maven\m2\com\alibaba\dubbo-cluster\2.6.6\dubbo-cluster-2.6.6.jar;E:\maven\m2\com\alibaba\dubbo-rpc-api\2.6.6\dubbo-rpc-api-2.6.6.jar;E:\maven\m2\com\alibaba\dubbo-serialization-api\2.6.6\dubbo-serialization-api-2.6.6.jar;E:\maven\m2\com\alibaba\dubbo-container-api\2.6.6\dubbo-container-api-2.6.6.jar;E:\maven\m2\com\alibaba\dubbo-remoting-zookeeper\2.6.6\dubbo-remoting-zookeeper-2.6.6.jar;E:\maven\m2\com\alibaba\dubbo-common\2.6.6\dubbo-common-2.6.6.jar;E:\maven\m2\com\alibaba\hessian-lite\3.2.5\hessian-lite-3.2.5.jar;E:\maven\m2\com\alibaba\fastjson\1.2.46\fastjson-1.2.46.jar;E:\maven\m2\com\esotericsoftware\kryo\4.0.1\kryo-4.0.1.jar;E:\maven\m2\com\esotericsoftware\reflectasm\1.11.3\reflectasm-1.11.3.jar;E:\maven\m2\org\ow2\asm\asm\5.0.4\asm-5.0.4.jar;E:\maven\m2\com\esotericsoftware\minlog\1.3.0\minlog-1.3.0.jar;E:\maven\m2\org\objenesis\objenesis\2.5.1\objenesis-2.5.1.jar;E:\maven\m2\de\javakaffee\kryo-serializers\0.42\kryo-serializers-0.42.jar;E:\maven\m2\de\ruedigermoeller\fst\2.48-jdk-6\fst-2.48-jdk-6.jar;E:\maven\m2\com\cedarsoftware\java-util\1.9.0\java-util-1.9.0.jar;E:\maven\m2\com\cedarsoftware\json-io\2.5.1\json-io-2.5.1.jar;E:\maven\m2\com\101tec\zkclient\0.2\zkclient-0.2.jar;E:\maven\m2\org\apache\curator\curator-framework\2.12.0\curator-framework-2.12.0.jar;E:\maven\m2\org\apache\curator\curator-client\2.12.0\curator-client-2.12.0.jar;E:\maven\m2\com\google\guava\guava\16.0.1\guava-16.0.1.jar;E:\maven\m2\com\alibaba\druid\1.1.9\druid-1.1.9.jar;E:\maven\m2\org\apache\zookeeper\zookeeper\3.4.8\zookeeper-3.4.8.jar;E:\maven\m2\org\slf4j\slf4j-api\1.7.25\slf4j-api-1.7.25.jar;E:\maven\m2\org\slf4j\slf4j-log4j12\1.7.25\slf4j-log4j12-1.7.25.jar;E:\maven\m2\log4j\log4j\1.2.16\log4j-1.2.16.jar;E:\maven\m2\jline\jline\0.9.94\jline-0.9.94.jar;E:\maven\m2\io\netty\netty\3.7.0.Final\netty-3.7.0.Final.jar;E:\maven\m2\junit\junit\4.12\junit-4.12.jar;E:\maven\m2\org\hamcrest\hamcrest-core\1.3\hamcrest-core-1.3.jar;"/>
    <property name="sun.cpu.endian" value="little"/>
    <property name="user.home" value="C:\Users\Jie"/>
    <property name="user.language" value="zh"/>
    <property name="java.specification.vendor" value="Oracle Corporation"/>
    <property name="java.home" value="C:\Program Files\Java\jdk1.8.0_131\jre"/>
    <property name="basedir" value="E:\workspace_dmm\dmm\dmm-core"/>
    <property name="file.separator" value="\"/>
    <property name="line.separator" value="&#10;"/>
    <property name="java.vm.specification.vendor" value="Oracle Corporation"/>
    <property name="java.specification.name" value="Java Platform API Specification"/>
    <property name="java.awt.graphicsenv" value="sun.awt.Win32GraphicsEnvironment"/>
    <property name="surefire.real.class.path" value="C:\Users\Jie\AppData\Local\Temp\surefire3977008466975532197\surefirebooter2849784087185793785.jar"/>
    <property name="sun.boot.class.path" value="C:\Program Files\Java\jdk1.8.0_131\jre\lib\resources.jar;C:\Program Files\Java\jdk1.8.0_131\jre\lib\rt.jar;C:\Program Files\Java\jdk1.8.0_131\jre\lib\sunrsasign.jar;C:\Program Files\Java\jdk1.8.0_131\jre\lib\jsse.jar;C:\Program Files\Java\jdk1.8.0_131\jre\lib\jce.jar;C:\Program Files\Java\jdk1.8.0_131\jre\lib\charsets.jar;C:\Program Files\Java\jdk1.8.0_131\jre\lib\jfr.jar;C:\Program Files\Java\jdk1.8.0_131\jre\classes"/>
    <property name="user.script" value=""/>
    <property name="sun.management.compiler" value="HotSpot 64-Bit Tiered Compilers"/>
    <property name="java.runtime.version" value="1.8.0_131-b11"/>
    <property name="user.name" value="Jie"/>
    <property name="path.separator" value=";"/>
    <property name="os.version" value="6.1"/>
    <property name="java.endorsed.dirs" value="C:\Program Files\Java\jdk1.8.0_131\jre\lib\endorsed"/>
    <property name="java.runtime.name" value="Java(TM) SE Runtime Environment"/>
    <property name="file.encoding" value="GBK"/>
    <property name="java.vm.name" value="Java HotSpot(TM) 64-Bit Server VM"/>
    <property name="localRepository" value="E:\maven\m2"/>
    <property name="java.vendor.url.bug" value="http://bugreport.sun.com/bugreport/"/>
    <property name="java.io.tmpdir" value="C:\Users\Jie\AppData\Local\Temp\"/>
    <property name="idea.version" value="2017.2.2"/>
    <property name="java.version" value="1.8.0_131"/>
    <property name="user.dir" value="E:\workspace_dmm\dmm\dmm-core"/>
    <property name="os.arch" value="amd64"/>
    <property name="java.vm.specification.name" value="Java Virtual Machine Specification"/>
    <property name="java.awt.printerjob" value="sun.awt.windows.WPrinterJob"/>
    <property name="sun.os.patch.level" value="Service Pack 1"/>
    <property name="java.library.path" value="C:\Program Files\Java\jdk1.8.0_131\jre\bin;C:\Windows\Sun\Java\bin;C:\Windows\system32;C:\Windows;C:\ProgramData\Oracle\Java\javapath;C:\Windows\system32;C:\Windows;C:\Windows\System32\Wbem;C:\Windows\System32\WindowsPowerShell\v1.0\;E:\Program Files (x86)\TortoiseSVN\bin;C:\Program Files\Java\jdk1.8.0_131BIN;C:\Program Files\Java\jdk1.8.0_131\jre\bin;C:\Program Files (x86)\ZeroC\Ice-3.6.1\bin;C:\Program Files (x86)\ZeroC\Ice-3.6.1\lib;C:\Program Files (x86)\Oracle\Instant Client\bin;E:\Program Files (x86)\mysql-5.6.24-win32\bin;E:\gradle-4.3.1\bin;E:\apache-maven-3.5.4\bin;D:\Program Files\Python\Python36;D:\Program Files\Python\Python36\Scripts;E:\springboot\spring-1.3.0.RELEASE\bin\;D:\Program Files\Git\cmd;D:\Program Files\TortoiseGit\bin;E:\Program Files\Microsoft VS Code\bin;D:\Program Files\nodejs\;C:\Users\Jie\AppData\Roaming\npm;."/>
    <property name="java.vm.info" value="mixed mode"/>
    <property name="java.vendor" value="Oracle Corporation"/>
    <property name="java.vm.version" value="25.131-b11"/>
    <property name="java.ext.dirs" value="C:\Program Files\Java\jdk1.8.0_131\jre\lib\ext;C:\Windows\Sun\Java\lib\ext"/>
    <property name="sun.io.unicode.encoding" value="UnicodeLittle"/>
    <property name="java.class.version" value="52.0"/>
  </properties>
  <testcase name="shouldAnswerWithTrue" classname="org.dmm.core.AppTest" time="0.003"/>
</testsuite>